The system is: Linux - 5.4.72-microsoft-standard-WSL2 - x86_64
Compiling the C compiler identification source file "CMakeCCompilerId.c" succeeded.
Compiler: /usr/bin/cc 
Build flags: 
Id flags:  

The output was:
0


Compilation of the C compiler identification source "CMakeCCompilerId.c" produced "a.out"

The C compiler identification is GNU, found in "/mnt/c/Users/futra/Workshop/tick/build/CMakeFiles/3.16.3/CompilerIdC/a.out"

Compiling the CXX compiler identification source file "CMakeCXXCompilerId.cpp" succeeded.
Compiler: /usr/bin/c++ 
Build flags: 
Id flags:  

The output was:
0


Compilation of the CXX compiler identification source "CMakeCXXCompilerId.cpp" produced "a.out"

The CXX compiler identification is GNU, found in "/mnt/c/Users/futra/Workshop/tick/build/CMakeFiles/3.16.3/CompilerIdCXX/a.out"

Determining if the C compiler works passed with the following output:
Change Dir: /mnt/c/Users/futra/Workshop/tick/build/CMakeFiles/CMakeTmp

Run Build Command(s):/usr/bin/make cmTC_d1617/fast && /usr/bin/make -f CMakeFiles/cmTC_d1617.dir/build.make CMakeFiles/cmTC_d1617.dir/build
make[1]: Entering directory '/mnt/c/Users/futra/Workshop/tick/build/CMakeFiles/CMakeTmp'
Building C object CMakeFiles/cmTC_d1617.dir/testCCompiler.c.o
/usr/bin/cc    -o CMakeFiles/cmTC_d1617.dir/testCCompiler.c.o   -c /mnt/c/Users/futra/Workshop/tick/build/CMakeFiles/CMakeTmp/testCCompiler.c
Linking C executable cmTC_d1617
/usr/bin/cmake -E cmake_link_script CMakeFiles/cmTC_d1617.dir/link.txt --verbose=1
/usr/bin/cc      CMakeFiles/cmTC_d1617.dir/testCCompiler.c.o  -o cmTC_d1617 
make[1]: Leaving directory '/mnt/c/Users/futra/Workshop/tick/build/CMakeFiles/CMakeTmp'



Determining if the CXX compiler works passed with the following output:
Change Dir: /mnt/c/Users/futra/Workshop/tick/build/CMakeFiles/CMakeTmp

Run Build Command(s):/usr/bin/make cmTC_bac44/fast && /usr/bin/make -f CMakeFiles/cmTC_bac44.dir/build.make CMakeFiles/cmTC_bac44.dir/build
make[1]: Entering directory '/mnt/c/Users/futra/Workshop/tick/build/CMakeFiles/CMakeTmp'
Building CXX object CMakeFiles/cmTC_bac44.dir/testCXXCompiler.cxx.o
/usr/bin/c++     -o CMakeFiles/cmTC_bac44.dir/testCXXCompiler.cxx.o -c /mnt/c/Users/futra/Workshop/tick/build/CMakeFiles/CMakeTmp/testCXXCompiler.cxx
Linking CXX executable cmTC_bac44
/usr/bin/cmake -E cmake_link_script CMakeFiles/cmTC_bac44.dir/link.txt --verbose=1
/usr/bin/c++       CMakeFiles/cmTC_bac44.dir/testCXXCompiler.cxx.o  -o cmTC_bac44 
make[1]: Leaving directory '/mnt/c/Users/futra/Workshop/tick/build/CMakeFiles/CMakeTmp'



The system is: Linux - 5.4.72-microsoft-standard-WSL2 - x86_64
Compiling the C compiler identification source file "CMakeCCompilerId.c" succeeded.
Compiler: /bin/gcc-10 
Build flags: 
Id flags:  

The output was:
0


Compilation of the C compiler identification source "CMakeCCompilerId.c" produced "a.out"

The C compiler identification is GNU, found in "/mnt/c/Users/futra/Workshop/tick/build/CMakeFiles/3.16.3/CompilerIdC/a.out"

Compiling the CXX compiler identification source file "CMakeCXXCompilerId.cpp" succeeded.
Compiler: /bin/g++-10 
Build flags: 
Id flags:  

The output was:
0


Compilation of the CXX compiler identification source "CMakeCXXCompilerId.cpp" produced "a.out"

The CXX compiler identification is GNU, found in "/mnt/c/Users/futra/Workshop/tick/build/CMakeFiles/3.16.3/CompilerIdCXX/a.out"

Determining if the C compiler works passed with the following output:
Change Dir: /mnt/c/Users/futra/Workshop/tick/build/CMakeFiles/CMakeTmp

Run Build Command(s):/usr/bin/ninja cmTC_756be && [1/2] Building C object CMakeFiles/cmTC_756be.dir/testCCompiler.c.o
[2/2] Linking C executable cmTC_756be



Determining if the CXX compiler works passed with the following output:
Change Dir: /mnt/c/Users/futra/Workshop/tick/build/CMakeFiles/CMakeTmp

Run Build Command(s):/usr/bin/ninja cmTC_69a92 && [1/2] Building CXX object CMakeFiles/cmTC_69a92.dir/testCXXCompiler.cxx.o
[2/2] Linking CXX executable cmTC_69a92



